<?xml version="1.0" encoding="UTF-8"?>
<testng-results ignored="0" total="1" passed="1" failed="0" skipped="0">
  <reporter-output>
  </reporter-output>
  <suite started-at="2021-12-02T23:27:43 PST" name="Default Suite" finished-at="2021-12-02T23:28:00 PST" duration-ms="16639">
    <groups>
    </groups>
    <test started-at="2021-12-02T23:27:43 PST" name="Webstaurantstore" finished-at="2021-12-02T23:28:00 PST" duration-ms="16639">
      <class name="MainPageTests">
        <test-method is-config="true" signature="setUp()[pri:0, instance:MainPageTests@9d5509a]" started-at="2021-12-02T23:27:43 PST" name="setUp" finished-at="2021-12-02T23:27:48 PST" duration-ms="4953" status="PASS">
          <reporter-output>
          </reporter-output>
        </test-method> <!-- setUp -->
        <test-method signature="testTitlesOfItems()[pri:0, instance:MainPageTests@9d5509a]" started-at="2021-12-02T23:27:48 PST" name="testTitlesOfItems" finished-at="2021-12-02T23:28:00 PST" duration-ms="11628" status="PASS">
          <reporter-output>
          </reporter-output>
        </test-method> <!-- testTitlesOfItems -->
        <test-method is-config="true" signature="afterActions()[pri:0, instance:MainPageTests@9d5509a]" started-at="2021-12-02T23:28:00 PST" name="afterActions" finished-at="2021-12-02T23:28:00 PST" duration-ms="1" status="PASS">
          <reporter-output>
          </reporter-output>
        </test-method> <!-- afterActions -->
      </class> <!-- MainPageTests -->
    </test> <!-- Webstaurantstore -->
  </suite> <!-- Default Suite -->
</testng-results>
